{
  "uid" : "ae9e27e70b804e31",
  "name" : "agregarProducto",
  "fullName" : "testSuite.EvaluacionAppium.agregarProducto",
  "historyId" : "e5ef87c6f441a72fdf329e3fef031cc8",
  "time" : {
    "start" : 1609861269006,
    "stop" : 1609861278239,
    "duration" : 9233
  },
  "status" : "failed",
  "statusMessage" : "Error en Vista Crear Producto",
  "statusTrace" : "java.lang.AssertionError: Error en Vista Crear Producto\n\tat org.testng.Assert.fail(Assert.java:97)\n\tat reports.Reports.addStep(Reports.java:36)\n\tat pages.CrearProductoPage.validarVistaDesplegada(CrearProductoPage.java:39)\n\tat testClases.AgregarProductoCase.flujo(AgregarProductoCase.java:24)\n\tat testSuite.EvaluacionAppium.agregarProducto(EvaluacionAppium.java:25)\n\tat sun.reflect.NativeMethodAccessorImpl.invoke0(Native Method)\n\tat sun.reflect.NativeMethodAccessorImpl.invoke(NativeMethodAccessorImpl.java:62)\n\tat sun.reflect.DelegatingMethodAccessorImpl.invoke(DelegatingMethodAccessorImpl.java:43)\n\tat java.lang.reflect.Method.invoke(Method.java:498)\n\tat org.testng.internal.MethodInvocationHelper.invokeMethod(MethodInvocationHelper.java:134)\n\tat org.testng.internal.TestInvoker.invokeMethod(TestInvoker.java:597)\n\tat org.testng.internal.TestInvoker.invokeTestMethod(TestInvoker.java:173)\n\tat org.testng.internal.MethodRunner.runInSequence(MethodRunner.java:46)\n\tat org.testng.internal.TestInvoker$MethodInvocationAgent.invoke(TestInvoker.java:816)\n\tat org.testng.internal.TestInvoker.invokeTestMethods(TestInvoker.java:146)\n\tat org.testng.internal.TestMethodWorker.invokeTestMethods(TestMethodWorker.java:146)\n\tat org.testng.internal.TestMethodWorker.run(TestMethodWorker.java:128)\n\tat java.util.ArrayList.forEach(ArrayList.java:1259)\n\tat org.testng.TestRunner.privateRun(TestRunner.java:766)\n\tat org.testng.TestRunner.run(TestRunner.java:587)\n\tat org.testng.SuiteRunner.runTest(SuiteRunner.java:384)\n\tat org.testng.SuiteRunner.runSequentially(SuiteRunner.java:378)\n\tat org.testng.SuiteRunner.privateRun(SuiteRunner.java:337)\n\tat org.testng.SuiteRunner.run(SuiteRunner.java:286)\n\tat org.testng.SuiteRunnerWorker.runSuite(SuiteRunnerWorker.java:53)\n\tat org.testng.SuiteRunnerWorker.run(SuiteRunnerWorker.java:96)\n\tat org.testng.TestNG.runSuitesSequentially(TestNG.java:1187)\n\tat org.testng.TestNG.runSuitesLocally(TestNG.java:1109)\n\tat org.testng.TestNG.runSuites(TestNG.java:1039)\n\tat org.testng.TestNG.run(TestNG.java:1007)\n\tat com.intellij.rt.testng.IDEARemoteTestNG.run(IDEARemoteTestNG.java:66)\n\tat com.intellij.rt.testng.RemoteTestNGStarter.main(RemoteTestNGStarter.java:110)\n",
  "flaky" : false,
  "newFailed" : false,
  "beforeStages" : [ {
    "name" : "iniciarSession",
    "time" : {
      "start" : 1609861248825,
      "stop" : 1609861258806,
      "duration" : 9981
    },
    "description" : "",
    "status" : "passed",
    "steps" : [ ],
    "attachments" : [ ],
    "parameters" : [ ],
    "stepsCount" : 0,
    "attachmentsCount" : 0,
    "shouldDisplayMessage" : false,
    "hasContent" : false
  } ],
  "testStage" : {
    "status" : "failed",
    "statusMessage" : "Error en Vista Crear Producto",
    "statusTrace" : "java.lang.AssertionError: Error en Vista Crear Producto\n\tat org.testng.Assert.fail(Assert.java:97)\n\tat reports.Reports.addStep(Reports.java:36)\n\tat pages.CrearProductoPage.validarVistaDesplegada(CrearProductoPage.java:39)\n\tat testClases.AgregarProductoCase.flujo(AgregarProductoCase.java:24)\n\tat testSuite.EvaluacionAppium.agregarProducto(EvaluacionAppium.java:25)\n\tat sun.reflect.NativeMethodAccessorImpl.invoke0(Native Method)\n\tat sun.reflect.NativeMethodAccessorImpl.invoke(NativeMethodAccessorImpl.java:62)\n\tat sun.reflect.DelegatingMethodAccessorImpl.invoke(DelegatingMethodAccessorImpl.java:43)\n\tat java.lang.reflect.Method.invoke(Method.java:498)\n\tat org.testng.internal.MethodInvocationHelper.invokeMethod(MethodInvocationHelper.java:134)\n\tat org.testng.internal.TestInvoker.invokeMethod(TestInvoker.java:597)\n\tat org.testng.internal.TestInvoker.invokeTestMethod(TestInvoker.java:173)\n\tat org.testng.internal.MethodRunner.runInSequence(MethodRunner.java:46)\n\tat org.testng.internal.TestInvoker$MethodInvocationAgent.invoke(TestInvoker.java:816)\n\tat org.testng.internal.TestInvoker.invokeTestMethods(TestInvoker.java:146)\n\tat org.testng.internal.TestMethodWorker.invokeTestMethods(TestMethodWorker.java:146)\n\tat org.testng.internal.TestMethodWorker.run(TestMethodWorker.java:128)\n\tat java.util.ArrayList.forEach(ArrayList.java:1259)\n\tat org.testng.TestRunner.privateRun(TestRunner.java:766)\n\tat org.testng.TestRunner.run(TestRunner.java:587)\n\tat org.testng.SuiteRunner.runTest(SuiteRunner.java:384)\n\tat org.testng.SuiteRunner.runSequentially(SuiteRunner.java:378)\n\tat org.testng.SuiteRunner.privateRun(SuiteRunner.java:337)\n\tat org.testng.SuiteRunner.run(SuiteRunner.java:286)\n\tat org.testng.SuiteRunnerWorker.runSuite(SuiteRunnerWorker.java:53)\n\tat org.testng.SuiteRunnerWorker.run(SuiteRunnerWorker.java:96)\n\tat org.testng.TestNG.runSuitesSequentially(TestNG.java:1187)\n\tat org.testng.TestNG.runSuitesLocally(TestNG.java:1109)\n\tat org.testng.TestNG.runSuites(TestNG.java:1039)\n\tat org.testng.TestNG.run(TestNG.java:1007)\n\tat com.intellij.rt.testng.IDEARemoteTestNG.run(IDEARemoteTestNG.java:66)\n\tat com.intellij.rt.testng.RemoteTestNGStarter.main(RemoteTestNGStarter.java:110)\n",
    "steps" : [ {
      "name" : "Validar vista 1 de carrusel",
      "time" : {
        "start" : 1609861269235,
        "stop" : 1609861269696,
        "duration" : 461
      },
      "status" : "passed",
      "steps" : [ ],
      "attachments" : [ {
        "uid" : "eccd703d1d9b1bfc",
        "name" : "Imagen Adjunta",
        "source" : "eccd703d1d9b1bfc.png",
        "type" : "image/png",
        "size" : 125391
      } ],
      "parameters" : [ ],
      "stepsCount" : 0,
      "attachmentsCount" : 1,
      "shouldDisplayMessage" : false,
      "hasContent" : true
    }, {
      "name" : "Validar Registro Desplegada",
      "time" : {
        "start" : 1609861274856,
        "stop" : 1609861275453,
        "duration" : 597
      },
      "status" : "passed",
      "steps" : [ ],
      "attachments" : [ {
        "uid" : "91889e5e136a9e49",
        "name" : "Imagen Adjunta",
        "source" : "91889e5e136a9e49.png",
        "type" : "image/png",
        "size" : 120596
      } ],
      "parameters" : [ ],
      "stepsCount" : 0,
      "attachmentsCount" : 1,
      "shouldDisplayMessage" : false,
      "hasContent" : true
    }, {
      "name" : "Tap al botón '+ '",
      "time" : {
        "start" : 1609861275492,
        "stop" : 1609861275492,
        "duration" : 0
      },
      "status" : "passed",
      "steps" : [ ],
      "attachments" : [ ],
      "parameters" : [ ],
      "stepsCount" : 0,
      "attachmentsCount" : 0,
      "shouldDisplayMessage" : false,
      "hasContent" : false
    }, {
      "name" : "Tap al botón Crear Producto",
      "time" : {
        "start" : 1609861276453,
        "stop" : 1609861276453,
        "duration" : 0
      },
      "status" : "passed",
      "steps" : [ ],
      "attachments" : [ ],
      "parameters" : [ ],
      "stepsCount" : 0,
      "attachmentsCount" : 0,
      "shouldDisplayMessage" : false,
      "hasContent" : false
    }, {
      "name" : "Error en Vista Crear Producto",
      "time" : {
        "start" : 1609861277718,
        "stop" : 1609861278229,
        "duration" : 511
      },
      "status" : "failed",
      "steps" : [ ],
      "attachments" : [ {
        "uid" : "b7df294f761842c8",
        "name" : "Imagen Adjunta",
        "source" : "b7df294f761842c8.png",
        "type" : "image/png",
        "size" : 95359
      } ],
      "parameters" : [ ],
      "stepsCount" : 0,
      "attachmentsCount" : 1,
      "shouldDisplayMessage" : false,
      "hasContent" : true
    } ],
    "attachments" : [ ],
    "parameters" : [ ],
    "stepsCount" : 5,
    "attachmentsCount" : 3,
    "shouldDisplayMessage" : true,
    "hasContent" : true
  },
  "afterStages" : [ {
    "name" : "cerrarSesion",
    "time" : {
      "start" : 1609861278256,
      "stop" : 1609861278382,
      "duration" : 126
    },
    "description" : "",
    "status" : "passed",
    "steps" : [ ],
    "attachments" : [ ],
    "parameters" : [ ],
    "stepsCount" : 0,
    "attachmentsCount" : 0,
    "shouldDisplayMessage" : false,
    "hasContent" : false
  } ],
  "labels" : [ {
    "name" : "package",
    "value" : "testSuite.EvaluacionAppium"
  }, {
    "name" : "testClass",
    "value" : "testSuite.EvaluacionAppium"
  }, {
    "name" : "testMethod",
    "value" : "agregarProducto"
  }, {
    "name" : "parentSuite",
    "value" : "Default Suite"
  }, {
    "name" : "suite",
    "value" : "CursoAppium"
  }, {
    "name" : "subSuite",
    "value" : "testSuite.EvaluacionAppium"
  }, {
    "name" : "host",
    "value" : "MCEX2AX69.local"
  }, {
    "name" : "thread",
    "value" : "23061@MCEX2AX69.local.main(1)"
  }, {
    "name" : "framework",
    "value" : "testng"
  }, {
    "name" : "language",
    "value" : "java"
  }, {
    "name" : "resultFormat",
    "value" : "allure2"
  } ],
  "parameters" : [ ],
  "links" : [ ],
  "hidden" : true,
  "retry" : true,
  "extra" : {
    "categories" : [ ],
    "tags" : [ ]
  },
  "source" : "ae9e27e70b804e31.json",
  "parameterValues" : [ ]
}